c:\users\menrit.mosaad\desktop\lab 7 (1)\lab 7\openglmeshloader\debug\vc120.pdb
c:\users\menrit.mosaad\desktop\lab 7 (1)\lab 7\openglmeshloader\debug\vc120.idb
c:\users\menrit.mosaad\desktop\lab 7 (1)\lab 7\openglmeshloader\debug\gltexture.obj
c:\users\menrit.mosaad\desktop\lab 7 (1)\lab 7\openglmeshloader\debug\model_3ds.obj
c:\users\menrit.mosaad\desktop\lab 7 (1)\lab 7\openglmeshloader\debug\openglmeshloader.obj
d:\ahmed\year 4 engineer\semester 1\graphics\lab\openglmeshloader\debug\vc141.pdb
d:\ahmed\year 4 engineer\semester 1\graphics\lab\openglmeshloader\debug\vc141.idb
d:\ahmed\year 4 engineer\semester 1\graphics\lab\openglmeshloader\debug\openglmeshloader.obj
d:\ahmed\year 4 engineer\semester 1\graphics\lab\openglmeshloader\debug\model_3ds.obj
d:\ahmed\year 4 engineer\semester 1\graphics\lab\openglmeshloader\debug\gltexture.obj
c:\users\menrit.mosaad\desktop\lab 7 (1)\lab 7\openglmeshloader\debug\openglmeshloader.exe
c:\users\menrit.mosaad\desktop\lab 7 (1)\lab 7\openglmeshloader\debug\openglmeshloader.pdb
d:\ahmed\year 4 engineer\semester 1\graphics\lab\openglmeshloader\debug\lnk{9de26195-a297-4366-9ac2-4464e5452ed1}.tmp
d:\ahmed\year 4 engineer\semester 1\graphics\lab\openglmeshloader\debug\vc120.idb
d:\ahmed\year 4 engineer\semester 1\graphics\lab\openglmeshloader\debug\openglmeshloader.pdb
d:\ahmed\year 4 engineer\semester 1\graphics\lab\openglmeshloader\debug\vc120.pdb
d:\ahmed\year 4 engineer\semester 1\graphics\lab\openglmeshloader\debug\openglmeshloader.tlog\cl.command.1.tlog
d:\ahmed\year 4 engineer\semester 1\graphics\lab\openglmeshloader\debug\openglmeshloader.tlog\cl.read.1.tlog
d:\ahmed\year 4 engineer\semester 1\graphics\lab\openglmeshloader\debug\openglmeshloader.tlog\cl.write.1.tlog
d:\ahmed\year 4 engineer\semester 1\graphics\lab\openglmeshloader\debug\openglmeshloader.tlog\link-cvtres.read.1.tlog
d:\ahmed\year 4 engineer\semester 1\graphics\lab\openglmeshloader\debug\openglmeshloader.tlog\link-cvtres.write.1.tlog
d:\ahmed\year 4 engineer\semester 1\graphics\lab\openglmeshloader\debug\openglmeshloader.tlog\link-rc.read.1.tlog
d:\ahmed\year 4 engineer\semester 1\graphics\lab\openglmeshloader\debug\openglmeshloader.tlog\link-rc.write.1.tlog
d:\ahmed\year 4 engineer\semester 1\graphics\lab\openglmeshloader\debug\openglmeshloader.tlog\link.command.1.tlog
d:\ahmed\year 4 engineer\semester 1\graphics\lab\openglmeshloader\debug\openglmeshloader.tlog\link.delete.1.tlog
d:\ahmed\year 4 engineer\semester 1\graphics\lab\openglmeshloader\debug\openglmeshloader.tlog\link.read.1.tlog
d:\ahmed\year 4 engineer\semester 1\graphics\lab\openglmeshloader\debug\openglmeshloader.tlog\link.write.1.tlog
